
> dev
> NODE_ENV=development next dev

  ▲ Next.js 13.5.11
  - Local:        http://localhost:3000
  - Environments: .env.local

 ✓ Ready in 2s
 ✓ Compiled / in 717ms (271 modules)
 ✓ Compiled /v2/scanner-v2 in 319ms (291 modules)
SSR 오류: TypeError: fetch failed
    at node:internal/deps/undici/undici:13502:13
    at process.processTicksAndRejections (node:internal/process/task_queues:105:5)
    at async getServerSideProps (webpack-internal:///./pages/v2/scanner-v2.js:464:26) {
  [cause]: AggregateError [ECONNREFUSED]: 
      at internalConnectMultiple (node:net:1139:18)
      at afterConnectMultiple (node:net:1712:7) {
    code: 'ECONNREFUSED',
    [errors]: [ [Error], [Error] ]
  }
}
 ✓ Compiled in 522ms (287 modules)
SSR 오류: TypeError: fetch failed
    at node:internal/deps/undici/undici:13502:13
    at process.processTicksAndRejections (node:internal/process/task_queues:105:5)
    at async getServerSideProps (webpack-internal:///./pages/v2/scanner-v2.js:464:26) {
  [cause]: AggregateError [ECONNREFUSED]: 
      at internalConnectMultiple (node:net:1139:18)
      at afterConnectMultiple (node:net:1712:7) {
    code: 'ECONNREFUSED',
    [errors]: [ [Error], [Error] ]
  }
}
 ✓ Compiled in 154ms (287 modules)
 ✓ Compiled in 135ms (287 modules)
 ✓ Compiled in 172ms (287 modules)
 ✓ Compiled in 190ms (287 modules)
 ✓ Compiled in 142ms (287 modules)
 ✓ Compiled in 282ms (287 modules)
 ✓ Compiled /login in 371ms (302 modules)
 ✓ Compiled /kakao-callback in 69ms (306 modules)
 ✓ Compiled /_error in 155ms (289 modules)
