================================================================================
📊 과거 스캔 데이터 분석을 통한 최적 조건 도출
================================================================================

[1단계] 과거 스캔 데이터 로드
✅ 448개 스캔 데이터 로드 완료 (20241001 ~ 20251115)
   총 448개 스캔 데이터
   기간: 20250615 ~ 20251114 (98일)

[2단계] 가격 추적 및 수익률 계산
   수익률 계산 완료: 115개 종목
   전체 승률: 58.3% (67/115)
   전체 평균 수익률: 0.15%

[3단계] 다양한 조건 조합 테스트
   총 45개 조합 테스트
   진행: 15/45
   진행: 30/45
   진행: 45/45

[4단계] 결과 분석

================================================================================
📊 최적 조건 분석 결과
================================================================================

[승률 TOP 10]
 1. min_signals=1, vol=1.3, score≥6 → 승률 0.0%, 평균 +0.00%, 종목 0개 (일평균 0.0개)
 2. min_signals=1, vol=1.3, score≥8 → 승률 0.0%, 평균 +0.00%, 종목 0개 (일평균 0.0개)
 3. min_signals=1, vol=1.3, score≥10 → 승률 0.0%, 평균 +0.00%, 종목 0개 (일평균 0.0개)
 4. min_signals=1, vol=1.5, score≥6 → 승률 0.0%, 평균 +0.00%, 종목 0개 (일평균 0.0개)
 5. min_signals=1, vol=1.5, score≥8 → 승률 0.0%, 평균 +0.00%, 종목 0개 (일평균 0.0개)
 6. min_signals=1, vol=1.5, score≥10 → 승률 0.0%, 평균 +0.00%, 종목 0개 (일평균 0.0개)
 7. min_signals=1, vol=1.8, score≥6 → 승률 0.0%, 평균 +0.00%, 종목 0개 (일평균 0.0개)
 8. min_signals=1, vol=1.8, score≥8 → 승률 0.0%, 평균 +0.00%, 종목 0개 (일평균 0.0개)
 9. min_signals=1, vol=1.8, score≥10 → 승률 0.0%, 평균 +0.00%, 종목 0개 (일평균 0.0개)
10. min_signals=1, vol=2.0, score≥6 → 승률 0.0%, 평균 +0.00%, 종목 0개 (일평균 0.0개)

[평균 수익률 TOP 10]
 1. min_signals=1, vol=1.3, score≥6 → 평균 +0.00%, 승률 0.0%, 종목 0개 (일평균 0.0개)
 2. min_signals=1, vol=1.3, score≥8 → 평균 +0.00%, 승률 0.0%, 종목 0개 (일평균 0.0개)
 3. min_signals=1, vol=1.3, score≥10 → 평균 +0.00%, 승률 0.0%, 종목 0개 (일평균 0.0개)
 4. min_signals=1, vol=1.5, score≥6 → 평균 +0.00%, 승률 0.0%, 종목 0개 (일평균 0.0개)
 5. min_signals=1, vol=1.5, score≥8 → 평균 +0.00%, 승률 0.0%, 종목 0개 (일평균 0.0개)
 6. min_signals=1, vol=1.5, score≥10 → 평균 +0.00%, 승률 0.0%, 종목 0개 (일평균 0.0개)
 7. min_signals=1, vol=1.8, score≥6 → 평균 +0.00%, 승률 0.0%, 종목 0개 (일평균 0.0개)
 8. min_signals=1, vol=1.8, score≥8 → 평균 +0.00%, 승률 0.0%, 종목 0개 (일평균 0.0개)
 9. min_signals=1, vol=1.8, score≥10 → 평균 +0.00%, 승률 0.0%, 종목 0개 (일평균 0.0개)
10. min_signals=1, vol=2.0, score≥6 → 평균 +0.00%, 승률 0.0%, 종목 0개 (일평균 0.0개)

[균형잡힌 조건 TOP 10] (일평균 1~5개 추천)

================================================================================
💡 최종 추천 조건
================================================================================

✅ 결과 저장: optimal_conditions_analysis/optimal_conditions_analysis.json
