✅ 실제 Kiwoom REST API 사용

🗓️  2025-11-03 스캔 시작
   시장 센티먼트: neutral
  ↳ KOSPI 100개 + KOSDAQ 100개 = 총 200개
📊 스캔 완료: 0개 매칭, 200개 필터링, 총 200개 중
🔧 프리셋 적용: {'min_signals': 3, 'vol_ma5_mult': 2.0}
📊 스캔 완료: 0개 매칭, 200개 필터링, 총 200개 중
🔧 프리셋 적용: {'min_signals': 2, 'vol_ma5_mult': 1.8}
📊 스캔 완료: 0개 매칭, 200개 필터링, 총 200개 중
   ✅ 저장 완료: rescan_outputs/rescan-20251103.json

🗓️  2025-11-04 스캔 시작
   시장 센티먼트: neutral
  ↳ KOSPI 100개 + KOSDAQ 100개 = 총 200개
📊 스캔 완료: 0개 매칭, 200개 필터링, 총 200개 중
🔧 프리셋 적용: {'min_signals': 3, 'vol_ma5_mult': 2.0}
📊 스캔 완료: 0개 매칭, 200개 필터링, 총 200개 중
🔧 프리셋 적용: {'min_signals': 2, 'vol_ma5_mult': 1.8}
📊 스캔 완료: 0개 매칭, 200개 필터링, 총 200개 중
   ✅ 저장 완료: rescan_outputs/rescan-20251104.json

🗓️  2025-11-05 스캔 시작
   시장 센티먼트: neutral
  ↳ KOSPI 100개 + KOSDAQ 100개 = 총 200개
📊 스캔 완료: 0개 매칭, 200개 필터링, 총 200개 중
🔧 프리셋 적용: {'min_signals': 3, 'vol_ma5_mult': 2.0}
📊 스캔 완료: 0개 매칭, 200개 필터링, 총 200개 중
🔧 프리셋 적용: {'min_signals': 2, 'vol_ma5_mult': 1.8}
📊 스캔 완료: 0개 매칭, 200개 필터링, 총 200개 중
   ✅ 저장 완료: rescan_outputs/rescan-20251105.json

🗓️  2025-11-06 스캔 시작
   시장 센티먼트: neutral
  ↳ KOSPI 100개 + KOSDAQ 100개 = 총 200개
📊 스캔 완료: 1개 매칭, 199개 필터링, 총 200개 중
   ✅ 저장 완료: rescan_outputs/rescan-20251106.json

🗓️  2025-11-07 스캔 시작
   시장 센티먼트: bear
  ↳ KOSPI 100개 + KOSDAQ 100개 = 총 200개
📊 스캔 완료: 0개 매칭, 200개 필터링, 총 200개 중
🔧 프리셋 적용: {'min_signals': 3, 'vol_ma5_mult': 2.2}
📊 스캔 완료: 0개 매칭, 200개 필터링, 총 200개 중
🔧 프리셋 적용: {'min_signals': 3, 'vol_ma5_mult': 2.0, 'gap_max': 0.012, 'ext_from_tema20_max': 0.012}
📊 스캔 완료: 0개 매칭, 200개 필터링, 총 200개 중
   ✅ 저장 완료: rescan_outputs/rescan-20251107.json

🗓️  2025-11-10 스캔 시작
   시장 센티먼트: neutral
  ↳ KOSPI 100개 + KOSDAQ 100개 = 총 200개
📊 스캔 완료: 0개 매칭, 200개 필터링, 총 200개 중
🔧 프리셋 적용: {'min_signals': 3, 'vol_ma5_mult': 2.0}
📊 스캔 완료: 0개 매칭, 200개 필터링, 총 200개 중
🔧 프리셋 적용: {'min_signals': 2, 'vol_ma5_mult': 1.8}
📊 스캔 완료: 0개 매칭, 200개 필터링, 총 200개 중
   ✅ 저장 완료: rescan_outputs/rescan-20251110.json

🗓️  2025-11-11 스캔 시작
   시장 센티먼트: neutral
  ↳ KOSPI 100개 + KOSDAQ 100개 = 총 200개
📊 스캔 완료: 0개 매칭, 200개 필터링, 총 200개 중
🔧 프리셋 적용: {'min_signals': 3, 'vol_ma5_mult': 2.0}
📊 스캔 완료: 0개 매칭, 200개 필터링, 총 200개 중
🔧 프리셋 적용: {'min_signals': 2, 'vol_ma5_mult': 1.8}
📊 스캔 완료: 0개 매칭, 200개 필터링, 총 200개 중
   ✅ 저장 완료: rescan_outputs/rescan-20251111.json

🗓️  2025-11-12 스캔 시작
   시장 센티먼트: neutral
  ↳ KOSPI 100개 + KOSDAQ 100개 = 총 200개
📊 스캔 완료: 0개 매칭, 200개 필터링, 총 200개 중
🔧 프리셋 적용: {'min_signals': 3, 'vol_ma5_mult': 2.0}
📊 스캔 완료: 0개 매칭, 200개 필터링, 총 200개 중
🔧 프리셋 적용: {'min_signals': 2, 'vol_ma5_mult': 1.8}
📊 스캔 완료: 0개 매칭, 200개 필터링, 총 200개 중
   ✅ 저장 완료: rescan_outputs/rescan-20251112.json

🗓️  2025-11-13 스캔 시작
   시장 센티먼트: neutral
  ↳ KOSPI 100개 + KOSDAQ 100개 = 총 200개
📊 스캔 완료: 0개 매칭, 200개 필터링, 총 200개 중
🔧 프리셋 적용: {'min_signals': 3, 'vol_ma5_mult': 2.0}
📊 스캔 완료: 0개 매칭, 200개 필터링, 총 200개 중
🔧 프리셋 적용: {'min_signals': 2, 'vol_ma5_mult': 1.8}
📊 스캔 완료: 0개 매칭, 200개 필터링, 총 200개 중
   ✅ 저장 완료: rescan_outputs/rescan-20251113.json

🗓️  2025-11-14 스캔 시작
   시장 센티먼트: neutral
  ↳ KOSPI 100개 + KOSDAQ 100개 = 총 200개
📊 스캔 완료: 0개 매칭, 200개 필터링, 총 200개 중
🔧 프리셋 적용: {'min_signals': 3, 'vol_ma5_mult': 2.0}
📊 스캔 완료: 0개 매칭, 200개 필터링, 총 200개 중
🔧 프리셋 적용: {'min_signals': 2, 'vol_ma5_mult': 1.8}
📊 스캔 완료: 0개 매칭, 200개 필터링, 총 200개 중
   ✅ 저장 완료: rescan_outputs/rescan-20251114.json

🗓️  2025-11-17 스캔 시작
   시장 센티먼트: neutral
  ↳ KOSPI 100개 + KOSDAQ 100개 = 총 200개
📊 스캔 완료: 0개 매칭, 200개 필터링, 총 200개 중
🔧 프리셋 적용: {'min_signals': 3, 'vol_ma5_mult': 2.0}
📊 스캔 완료: 0개 매칭, 200개 필터링, 총 200개 중
🔧 프리셋 적용: {'min_signals': 2, 'vol_ma5_mult': 1.8}
📊 스캔 완료: 0개 매칭, 200개 필터링, 총 200개 중
   ✅ 저장 완료: rescan_outputs/rescan-20251117.json

🗓️  2025-11-18 스캔 시작
   시장 센티먼트: neutral
  ↳ KOSPI 100개 + KOSDAQ 100개 = 총 200개
📊 스캔 완료: 0개 매칭, 200개 필터링, 총 200개 중
🔧 프리셋 적용: {'min_signals': 3, 'vol_ma5_mult': 2.0}
📊 스캔 완료: 0개 매칭, 200개 필터링, 총 200개 중
🔧 프리셋 적용: {'min_signals': 2, 'vol_ma5_mult': 1.8}
📊 스캔 완료: 0개 매칭, 200개 필터링, 총 200개 중
   ✅ 저장 완료: rescan_outputs/rescan-20251118.json

🗓️  2025-11-19 스캔 시작
   시장 센티먼트: neutral
  ↳ KOSPI 100개 + KOSDAQ 100개 = 총 200개
📊 스캔 완료: 0개 매칭, 200개 필터링, 총 200개 중
🔧 프리셋 적용: {'min_signals': 3, 'vol_ma5_mult': 2.0}
📊 스캔 완료: 0개 매칭, 200개 필터링, 총 200개 중
🔧 프리셋 적용: {'min_signals': 2, 'vol_ma5_mult': 1.8}
📊 스캔 완료: 0개 매칭, 200개 필터링, 총 200개 중
   ✅ 저장 완료: rescan_outputs/rescan-20251119.json

🗓️  2025-11-20 스캔 시작
   시장 센티먼트: neutral
  ↳ KOSPI 100개 + KOSDAQ 100개 = 총 200개
📊 스캔 완료: 0개 매칭, 200개 필터링, 총 200개 중
🔧 프리셋 적용: {'min_signals': 3, 'vol_ma5_mult': 2.0}
📊 스캔 완료: 0개 매칭, 200개 필터링, 총 200개 중
🔧 프리셋 적용: {'min_signals': 2, 'vol_ma5_mult': 1.8}
📊 스캔 완료: 0개 매칭, 200개 필터링, 총 200개 중
   ✅ 저장 완료: rescan_outputs/rescan-20251120.json

🗓️  2025-11-21 스캔 시작
   시장 센티먼트: neutral
  ↳ KOSPI 100개 + KOSDAQ 100개 = 총 200개
📊 스캔 완료: 0개 매칭, 200개 필터링, 총 200개 중
🔧 프리셋 적용: {'min_signals': 3, 'vol_ma5_mult': 2.0}
📊 스캔 완료: 0개 매칭, 200개 필터링, 총 200개 중
🔧 프리셋 적용: {'min_signals': 2, 'vol_ma5_mult': 1.8}
📊 스캔 완료: 0개 매칭, 200개 필터링, 총 200개 중
   ✅ 저장 완료: rescan_outputs/rescan-20251121.json

🗓️  2025-11-24 스캔 시작
   시장 센티먼트: neutral
  ↳ KOSPI 100개 + KOSDAQ 100개 = 총 200개
📊 스캔 완료: 0개 매칭, 200개 필터링, 총 200개 중
🔧 프리셋 적용: {'min_signals': 3, 'vol_ma5_mult': 2.0}
📊 스캔 완료: 0개 매칭, 200개 필터링, 총 200개 중
🔧 프리셋 적용: {'min_signals': 2, 'vol_ma5_mult': 1.8}
📊 스캔 완료: 0개 매칭, 200개 필터링, 총 200개 중
   ✅ 저장 완료: rescan_outputs/rescan-20251124.json

🗓️  2025-11-25 스캔 시작
   시장 센티먼트: neutral
  ↳ KOSPI 100개 + KOSDAQ 100개 = 총 200개
📊 스캔 완료: 0개 매칭, 200개 필터링, 총 200개 중
🔧 프리셋 적용: {'min_signals': 3, 'vol_ma5_mult': 2.0}
📊 스캔 완료: 0개 매칭, 200개 필터링, 총 200개 중
🔧 프리셋 적용: {'min_signals': 2, 'vol_ma5_mult': 1.8}
📊 스캔 완료: 0개 매칭, 200개 필터링, 총 200개 중
   ✅ 저장 완료: rescan_outputs/rescan-20251125.json

🗓️  2025-11-26 스캔 시작
   시장 센티먼트: neutral
  ↳ KOSPI 100개 + KOSDAQ 100개 = 총 200개
📊 스캔 완료: 0개 매칭, 200개 필터링, 총 200개 중
🔧 프리셋 적용: {'min_signals': 3, 'vol_ma5_mult': 2.0}
📊 스캔 완료: 0개 매칭, 200개 필터링, 총 200개 중
🔧 프리셋 적용: {'min_signals': 2, 'vol_ma5_mult': 1.8}
📊 스캔 완료: 0개 매칭, 200개 필터링, 총 200개 중
   ✅ 저장 완료: rescan_outputs/rescan-20251126.json

🗓️  2025-11-27 스캔 시작
   시장 센티먼트: neutral
  ↳ KOSPI 100개 + KOSDAQ 100개 = 총 200개
📊 스캔 완료: 0개 매칭, 200개 필터링, 총 200개 중
🔧 프리셋 적용: {'min_signals': 3, 'vol_ma5_mult': 2.0}
📊 스캔 완료: 0개 매칭, 200개 필터링, 총 200개 중
🔧 프리셋 적용: {'min_signals': 2, 'vol_ma5_mult': 1.8}
📊 스캔 완료: 0개 매칭, 200개 필터링, 총 200개 중
   ✅ 저장 완료: rescan_outputs/rescan-20251127.json

🗓️  2025-11-28 스캔 시작
   시장 센티먼트: neutral
  ↳ KOSPI 100개 + KOSDAQ 100개 = 총 200개
📊 스캔 완료: 0개 매칭, 200개 필터링, 총 200개 중
🔧 프리셋 적용: {'min_signals': 3, 'vol_ma5_mult': 2.0}
📊 스캔 완료: 0개 매칭, 200개 필터링, 총 200개 중
🔧 프리셋 적용: {'min_signals': 2, 'vol_ma5_mult': 1.8}
📊 스캔 완료: 0개 매칭, 200개 필터링, 총 200개 중
   ✅ 저장 완료: rescan_outputs/rescan-20251128.json

📊 요약 저장: rescan_outputs/summary-202511.json
총 1건 | 승률 100.0% | 평균 수익률 2.82%
